[08-Aug-2016 10:09:00] NOTICE: fpm is running, pid 1
[08-Aug-2016 10:09:00] NOTICE: ready to handle connections
[08-Aug-2016 10:09:00] WARNING: [pool www] child 9 said into stderr: "ERROR: Unable to set php_value 'soap.wsdl_cache_dir'"
[08-Aug-2016 10:09:00] WARNING: [pool www] child 8 said into stderr: "ERROR: Unable to set php_value 'soap.wsdl_cache_dir'"
[08-Aug-2016 10:09:00] WARNING: [pool www] child 6 said into stderr: "ERROR: Unable to set php_value 'soap.wsdl_cache_dir'"
[08-Aug-2016 10:09:00] WARNING: [pool www] child 7 said into stderr: "ERROR: Unable to set php_value 'soap.wsdl_cache_dir'"
[08-Aug-2016 10:09:00] WARNING: [pool www] child 5 said into stderr: "ERROR: Unable to set php_value 'soap.wsdl_cache_dir'"
[08-Aug-2016 10:09:06] NOTICE: Terminating ...
[08-Aug-2016 10:09:06] NOTICE: exiting, bye-bye!
[08-Aug-2016 10:09:11] NOTICE: fpm is running, pid 1
[08-Aug-2016 10:09:11] NOTICE: ready to handle connections
[08-Aug-2016 10:09:11] WARNING: [pool www] child 6 said into stderr: "ERROR: Unable to set php_value 'soap.wsdl_cache_dir'"
[08-Aug-2016 10:09:11] WARNING: [pool www] child 5 said into stderr: "ERROR: Unable to set php_value 'soap.wsdl_cache_dir'"
[08-Aug-2016 10:09:11] WARNING: [pool www] child 8 said into stderr: "ERROR: Unable to set php_value 'soap.wsdl_cache_dir'"
[08-Aug-2016 10:09:11] WARNING: [pool www] child 9 said into stderr: "ERROR: Unable to set php_value 'soap.wsdl_cache_dir'"
[08-Aug-2016 10:09:11] WARNING: [pool www] child 7 said into stderr: "ERROR: Unable to set php_value 'soap.wsdl_cache_dir'"
[08-Aug-2016 10:12:43] NOTICE: fpm is running, pid 1
[08-Aug-2016 10:12:43] NOTICE: ready to handle connections
[08-Aug-2016 10:12:43] WARNING: [pool www] child 7 said into stderr: "ERROR: Unable to set php_value 'soap.wsdl_cache_dir'"
[08-Aug-2016 10:12:43] WARNING: [pool www] child 9 said into stderr: "ERROR: Unable to set php_value 'soap.wsdl_cache_dir'"
[08-Aug-2016 10:12:43] WARNING: [pool www] child 8 said into stderr: "ERROR: Unable to set php_value 'soap.wsdl_cache_dir'"
[08-Aug-2016 10:12:43] WARNING: [pool www] child 5 said into stderr: "ERROR: Unable to set php_value 'soap.wsdl_cache_dir'"
[08-Aug-2016 10:12:43] WARNING: [pool www] child 6 said into stderr: "ERROR: Unable to set php_value 'soap.wsdl_cache_dir'"
