2016-08-15T02:05:21.664313Z 0 [Warning] TIMESTAMP with implicit DEFAULT value is deprecated. Please use --explicit_defaults_for_timestamp server option (see documentation for more details).
2016-08-15T02:05:25.332747Z 0 [Warning] InnoDB: New log files created, LSN=45790
2016-08-15T02:05:25.729970Z 0 [Warning] InnoDB: Creating foreign key constraint system tables.
2016-08-15T02:05:25.830042Z 0 [Warning] No existing UUID has been found, so we assume that this is the first time that this server has been started. Generating a new UUID: bb46c75b-628c-11e6-a18f-0242c0a80005.
2016-08-15T02:05:25.837132Z 0 [Warning] Gtid table is not ready to be used. Table 'mysql.gtid_executed' cannot be opened.
2016-08-15T02:05:25.837753Z 1 [Warning] root@localhost is created with an empty password ! Please consider switching off the --initialize-insecure option.
2016-08-15T02:05:30.120790Z 0 [Warning] TIMESTAMP with implicit DEFAULT value is deprecated. Please use --explicit_defaults_for_timestamp server option (see documentation for more details).
2016-08-15T02:05:30.123053Z 0 [Note] mysqld (mysqld 5.7.14) starting as process 47 ...
2016-08-15T02:05:30.128867Z 0 [Note] InnoDB: PUNCH HOLE support available
2016-08-15T02:05:30.128909Z 0 [Note] InnoDB: Mutexes and rw_locks use GCC atomic builtins
2016-08-15T02:05:30.128924Z 0 [Note] InnoDB: Uses event mutexes
2016-08-15T02:05:30.128933Z 0 [Note] InnoDB: GCC builtin __atomic_thread_fence() is used for memory barrier
2016-08-15T02:05:30.128942Z 0 [Note] InnoDB: Compressed tables use zlib 1.2.3
2016-08-15T02:05:30.128950Z 0 [Note] InnoDB: Using Linux native AIO
2016-08-15T02:05:30.129401Z 0 [Note] InnoDB: Number of pools: 1
2016-08-15T02:05:30.129615Z 0 [Note] InnoDB: Using CPU crc32 instructions
2016-08-15T02:05:30.132146Z 0 [Note] InnoDB: Initializing buffer pool, total size = 128M, instances = 1, chunk size = 128M
2016-08-15T02:05:30.145639Z 0 [Note] InnoDB: Completed initialization of buffer pool
2016-08-15T02:05:30.148533Z 0 [Note] InnoDB: If the mysqld execution user is authorized, page cleaner thread priority can be changed. See the man page of setpriority().
2016-08-15T02:05:30.160627Z 0 [Note] InnoDB: Highest supported file format is Barracuda.
2016-08-15T02:05:30.177096Z 0 [Note] InnoDB: Creating shared tablespace for temporary tables
2016-08-15T02:05:30.177200Z 0 [Note] InnoDB: Setting file './ibtmp1' size to 12 MB. Physically writing the file full; Please wait ...
2016-08-15T02:05:30.428499Z 0 [Note] InnoDB: File './ibtmp1' size is now 12 MB.
2016-08-15T02:05:30.429607Z 0 [Note] InnoDB: 96 redo rollback segment(s) found. 96 redo rollback segment(s) are active.
2016-08-15T02:05:30.429625Z 0 [Note] InnoDB: 32 non-redo rollback segment(s) are active.
2016-08-15T02:05:30.430491Z 0 [Note] InnoDB: Waiting for purge to start
2016-08-15T02:05:30.480682Z 0 [Note] InnoDB: 5.7.14 started; log sequence number 2524886
2016-08-15T02:05:30.481029Z 0 [Note] Plugin 'FEDERATED' is disabled.
2016-08-15T02:05:30.485123Z 0 [Note] InnoDB: Loading buffer pool(s) from /data/db/mysql/ib_buffer_pool
2016-08-15T02:05:30.486724Z 0 [Warning] Failed to set up SSL because of the following SSL library error: SSL context is not usable without certificate and private key
2016-08-15T02:05:30.488520Z 0 [Note] InnoDB: Buffer pool(s) load completed at 160815  2:05:30
2016-08-15T02:05:30.508322Z 0 [Note] Event Scheduler: Loaded 0 events
2016-08-15T02:05:30.508528Z 0 [Note] mysqld: ready for connections.
Version: '5.7.14'  socket: '/var/run/mysqld/mysqld.sock'  port: 0  MySQL Community Server (GPL)
2016-08-15T02:05:41.450061Z 0 [Note] Giving 1 client threads a chance to die gracefully
2016-08-15T02:05:41.450098Z 0 [Note] Shutting down slave threads
2016-08-15T02:05:43.450200Z 0 [Note] Forcefully disconnecting 0 remaining clients
2016-08-15T02:05:43.450271Z 0 [Note] Event Scheduler: Purging the queue. 0 events
2016-08-15T02:05:43.450417Z 0 [Note] Binlog end
2016-08-15T02:05:43.451674Z 0 [Note] Shutting down plugin 'ngram'
2016-08-15T02:05:43.451705Z 0 [Note] Shutting down plugin 'BLACKHOLE'
2016-08-15T02:05:43.451722Z 0 [Note] Shutting down plugin 'partition'
2016-08-15T02:05:43.451752Z 0 [Note] Shutting down plugin 'ARCHIVE'
2016-08-15T02:05:43.451764Z 0 [Note] Shutting down plugin 'MEMORY'
2016-08-15T02:05:43.451779Z 0 [Note] Shutting down plugin 'INNODB_SYS_VIRTUAL'
2016-08-15T02:05:43.451789Z 0 [Note] Shutting down plugin 'INNODB_SYS_DATAFILES'
2016-08-15T02:05:43.451798Z 0 [Note] Shutting down plugin 'INNODB_SYS_TABLESPACES'
2016-08-15T02:05:43.451807Z 0 [Note] Shutting down plugin 'INNODB_SYS_FOREIGN_COLS'
2016-08-15T02:05:43.451816Z 0 [Note] Shutting down plugin 'INNODB_SYS_FOREIGN'
2016-08-15T02:05:43.451825Z 0 [Note] Shutting down plugin 'INNODB_SYS_FIELDS'
2016-08-15T02:05:43.451834Z 0 [Note] Shutting down plugin 'INNODB_SYS_COLUMNS'
2016-08-15T02:05:43.451843Z 0 [Note] Shutting down plugin 'INNODB_SYS_INDEXES'
2016-08-15T02:05:43.451853Z 0 [Note] Shutting down plugin 'INNODB_SYS_TABLESTATS'
2016-08-15T02:05:43.451864Z 0 [Note] Shutting down plugin 'INNODB_SYS_TABLES'
2016-08-15T02:05:43.451874Z 0 [Note] Shutting down plugin 'INNODB_FT_INDEX_TABLE'
2016-08-15T02:05:43.451884Z 0 [Note] Shutting down plugin 'INNODB_FT_INDEX_CACHE'
2016-08-15T02:05:43.451893Z 0 [Note] Shutting down plugin 'INNODB_FT_CONFIG'
2016-08-15T02:05:43.451902Z 0 [Note] Shutting down plugin 'INNODB_FT_BEING_DELETED'
2016-08-15T02:05:43.451911Z 0 [Note] Shutting down plugin 'INNODB_FT_DELETED'
2016-08-15T02:05:43.451920Z 0 [Note] Shutting down plugin 'INNODB_FT_DEFAULT_STOPWORD'
2016-08-15T02:05:43.451929Z 0 [Note] Shutting down plugin 'INNODB_METRICS'
2016-08-15T02:05:43.451938Z 0 [Note] Shutting down plugin 'INNODB_TEMP_TABLE_INFO'
2016-08-15T02:05:43.451947Z 0 [Note] Shutting down plugin 'INNODB_BUFFER_POOL_STATS'
2016-08-15T02:05:43.451955Z 0 [Note] Shutting down plugin 'INNODB_BUFFER_PAGE_LRU'
2016-08-15T02:05:43.451964Z 0 [Note] Shutting down plugin 'INNODB_BUFFER_PAGE'
2016-08-15T02:05:43.451972Z 0 [Note] Shutting down plugin 'INNODB_CMP_PER_INDEX_RESET'
2016-08-15T02:05:43.451981Z 0 [Note] Shutting down plugin 'INNODB_CMP_PER_INDEX'
2016-08-15T02:05:43.451989Z 0 [Note] Shutting down plugin 'INNODB_CMPMEM_RESET'
2016-08-15T02:05:43.451998Z 0 [Note] Shutting down plugin 'INNODB_CMPMEM'
2016-08-15T02:05:43.452007Z 0 [Note] Shutting down plugin 'INNODB_CMP_RESET'
2016-08-15T02:05:43.452015Z 0 [Note] Shutting down plugin 'INNODB_CMP'
2016-08-15T02:05:43.452024Z 0 [Note] Shutting down plugin 'INNODB_LOCK_WAITS'
2016-08-15T02:05:43.452034Z 0 [Note] Shutting down plugin 'INNODB_LOCKS'
2016-08-15T02:05:43.452044Z 0 [Note] Shutting down plugin 'INNODB_TRX'
2016-08-15T02:05:43.452054Z 0 [Note] Shutting down plugin 'InnoDB'
2016-08-15T02:05:43.452210Z 0 [Note] InnoDB: FTS optimize thread exiting.
2016-08-15T02:05:43.452356Z 0 [Note] InnoDB: Starting shutdown...
2016-08-15T02:05:43.552726Z 0 [Note] InnoDB: Dumping buffer pool(s) to /data/db/mysql/ib_buffer_pool
2016-08-15T02:05:43.553053Z 0 [Note] InnoDB: Buffer pool(s) dump completed at 160815  2:05:43
2016-08-15T02:05:45.880809Z 0 [Note] InnoDB: Shutdown completed; log sequence number 13069890
2016-08-15T02:05:45.882602Z 0 [Note] InnoDB: Removed temporary tablespace data file: "ibtmp1"
2016-08-15T02:05:45.882626Z 0 [Note] Shutting down plugin 'MyISAM'
2016-08-15T02:05:45.882644Z 0 [Note] Shutting down plugin 'MRG_MYISAM'
2016-08-15T02:05:45.882656Z 0 [Note] Shutting down plugin 'CSV'
2016-08-15T02:05:45.882665Z 0 [Note] Shutting down plugin 'PERFORMANCE_SCHEMA'
2016-08-15T02:05:45.882702Z 0 [Note] Shutting down plugin 'sha256_password'
2016-08-15T02:05:45.882709Z 0 [Note] Shutting down plugin 'mysql_native_password'
2016-08-15T02:05:45.882889Z 0 [Note] Shutting down plugin 'binlog'
2016-08-15T02:05:45.883589Z 0 [Note] mysqld: Shutdown complete

2016-08-15T02:05:46.079088Z 0 [Warning] TIMESTAMP with implicit DEFAULT value is deprecated. Please use --explicit_defaults_for_timestamp server option (see documentation for more details).
2016-08-15T02:05:46.081287Z 0 [Note] mysqld (mysqld 5.7.14) starting as process 1 ...
2016-08-15T02:05:46.086050Z 0 [Note] InnoDB: PUNCH HOLE support available
2016-08-15T02:05:46.086088Z 0 [Note] InnoDB: Mutexes and rw_locks use GCC atomic builtins
2016-08-15T02:05:46.086111Z 0 [Note] InnoDB: Uses event mutexes
2016-08-15T02:05:46.086121Z 0 [Note] InnoDB: GCC builtin __atomic_thread_fence() is used for memory barrier
2016-08-15T02:05:46.086129Z 0 [Note] InnoDB: Compressed tables use zlib 1.2.3
2016-08-15T02:05:46.086138Z 0 [Note] InnoDB: Using Linux native AIO
2016-08-15T02:05:46.086576Z 0 [Note] InnoDB: Number of pools: 1
2016-08-15T02:05:46.086736Z 0 [Note] InnoDB: Using CPU crc32 instructions
2016-08-15T02:05:46.089003Z 0 [Note] InnoDB: Initializing buffer pool, total size = 128M, instances = 1, chunk size = 128M
2016-08-15T02:05:46.101178Z 0 [Note] InnoDB: Completed initialization of buffer pool
2016-08-15T02:05:46.103454Z 0 [Note] InnoDB: If the mysqld execution user is authorized, page cleaner thread priority can be changed. See the man page of setpriority().
2016-08-15T02:05:46.115949Z 0 [Note] InnoDB: Highest supported file format is Barracuda.
2016-08-15T02:05:46.137779Z 0 [Note] InnoDB: Creating shared tablespace for temporary tables
2016-08-15T02:05:46.137893Z 0 [Note] InnoDB: Setting file './ibtmp1' size to 12 MB. Physically writing the file full; Please wait ...
2016-08-15T02:05:46.405930Z 0 [Note] InnoDB: File './ibtmp1' size is now 12 MB.
2016-08-15T02:05:46.407040Z 0 [Note] InnoDB: 96 redo rollback segment(s) found. 96 redo rollback segment(s) are active.
2016-08-15T02:05:46.407059Z 0 [Note] InnoDB: 32 non-redo rollback segment(s) are active.
2016-08-15T02:05:46.407913Z 0 [Note] InnoDB: Waiting for purge to start
2016-08-15T02:05:46.458122Z 0 [Note] InnoDB: 5.7.14 started; log sequence number 13069890
2016-08-15T02:05:46.458507Z 0 [Note] Plugin 'FEDERATED' is disabled.
2016-08-15T02:05:46.464294Z 0 [Warning] Failed to set up SSL because of the following SSL library error: SSL context is not usable without certificate and private key
2016-08-15T02:05:46.464946Z 0 [Note] Server hostname (bind-address): '*'; port: 3306
2016-08-15T02:05:46.465024Z 0 [Note] IPv6 is available.
2016-08-15T02:05:46.465053Z 0 [Note]   - '::' resolves to '::';
2016-08-15T02:05:46.465087Z 0 [Note] Server socket created on IP: '::'.
2016-08-15T02:05:46.465506Z 0 [Note] InnoDB: Loading buffer pool(s) from /data/db/mysql/ib_buffer_pool
2016-08-15T02:05:46.478739Z 0 [Note] InnoDB: Buffer pool(s) load completed at 160815  2:05:46
2016-08-15T02:05:46.489097Z 0 [Note] Event Scheduler: Loaded 0 events
2016-08-15T02:05:46.489401Z 0 [Note] mysqld: ready for connections.
Version: '5.7.14'  socket: '/var/run/mysqld/mysqld.sock'  port: 3306  MySQL Community Server (GPL)
